<?xml version="1.0" encoding="UTF-8"?>
<!-- Generated by org.testng.reporters.JUnitReportReporter -->
<testsuite hostname="DESKTOP-EEPE4EA" failures="0" tests="11" name="testPages.TestPage" time="63.746" errors="0" timestamp="2023-10-30T14:28:36 EDT" skipped="0">
  <testcase classname="testPages.TestPage" name="HooverCellPhoneLink" time="9.321"/>
  <testcase classname="testPages.TestPage" name="CellphoneSelect" time="4.149"/>
  <testcase classname="testPages.TestPage" name="AddToCart" time="12.716"/>
  <testcase classname="testPages.TestPage" name="ShopCart" time="6.539"/>
  <testcase classname="testPages.TestPage" name="CheckOutAsGuest" time="1.314"/>
  <testcase classname="testPages.TestPage" name="BillingInfo" time="0.856"/>
  <testcase classname="testPages.TestPage" name="ShipmentMethod" time="0.329"/>
  <testcase classname="testPages.TestPage" name="PaymentMethod" time="13.104"/>
  <testcase classname="testPages.TestPage" name="PaymentInfo" time="7.042"/>
  <testcase classname="testPages.TestPage" name="OrderConfirmation" time="3.054"/>
  <testcase classname="testPages.TestPage" name="CompletedOrder" time="5.322"/>
</testsuite> <!-- testPages.TestPage -->
