<?xml version="1.0" encoding="UTF-8"?>
<!-- Generated by org.testng.reporters.JUnitReportReporter -->
<testsuite hostname="DESKTOP-EEPE4EA" failures="0" tests="2" name="testPages.dataProviderExcelTest" time="20.737" errors="0" timestamp="2023-11-03T19:24:58 EDT" skipped="0">
  <testcase classname="testPages.dataProviderExcelTest" name="openBrowserAndURL" time="9.634"/>
  <testcase classname="testPages.dataProviderExcelTest" name="openBrowserAndURL" time="11.103"/>
</testsuite> <!-- testPages.dataProviderExcelTest -->
